2025-06-19 16:40:45,093 INFO org.springframework.boot.StartupInfoLogger [main] Starting CandidateControllerTest using Java 17.0.12 on DESKTOP-CV5HK7B with PID 16320 (started by Raj in C:\Users\Raj\My_own_company)
2025-06-19 16:40:45,095 INFO org.hibernate.validator.internal.util.Version [background-preinit] HV000001: Hibernate Validator 6.2.3.Final
2025-06-19 16:40:45,096 INFO org.springframework.boot.SpringApplication [main] No active profile set, falling back to 1 default profile: "default"
2025-06-19 16:40:47,998 INFO org.springframework.mock.web.MockServletContext [main] Initializing Spring TestDispatcherServlet ''
2025-06-19 16:40:48,000 INFO org.springframework.web.servlet.FrameworkServlet [main] Initializing Servlet ''
2025-06-19 16:40:48,002 INFO org.springframework.web.servlet.FrameworkServlet [main] Completed initialization in 1 ms
2025-06-19 16:40:48,044 INFO org.springframework.boot.StartupInfoLogger [main] Started CandidateControllerTest in 3.591 seconds (JVM running for 5.079)
2025-06-19 16:40:48,288 INFO org.springframework.test.context.support.AbstractTestContextBootstrapper [main] Neither @ContextConfiguration nor @ContextHierarchy found for test class [com.exos.services.ExosServicesApplicationTests], using SpringBootContextLoader
2025-06-19 16:40:48,290 INFO org.springframework.test.context.support.AbstractContextLoader [main] Could not detect default resource locations for test class [com.exos.services.ExosServicesApplicationTests]: no resource found for suffixes {-context.xml, Context.groovy}.
2025-06-19 16:40:48,291 INFO org.springframework.test.context.support.AnnotationConfigContextLoaderUtils [main] Could not detect default configuration classes for test class [com.exos.services.ExosServicesApplicationTests]: ExosServicesApplicationTests does not declare any static, non-private, non-final, nested classes annotated with @Configuration.
2025-06-19 16:40:48,296 INFO org.springframework.boot.test.context.SpringBootTestContextBootstrapper [main] Found @SpringBootConfiguration com.exos.services.ExosServicesApplication for test class com.exos.services.ExosServicesApplicationTests
2025-06-19 16:40:48,302 INFO org.springframework.test.context.support.AbstractTestContextBootstrapper [main] Loaded default TestExecutionListener class names from location [META-INF/spring.factories]: [org.springframework.boot.test.mock.mockito.MockitoTestExecutionListener, org.springframework.boot.test.mock.mockito.ResetMocksTestExecutionListener, org.springframework.boot.test.autoconfigure.restdocs.RestDocsTestExecutionListener, org.springframework.boot.test.autoconfigure.web.client.MockRestServiceServerResetTestExecutionListener, org.springframework.boot.test.autoconfigure.web.servlet.MockMvcPrintOnlyOnFailureTestExecutionListener, org.springframework.boot.test.autoconfigure.web.servlet.WebDriverTestExecutionListener, org.springframework.boot.test.autoconfigure.webservices.client.MockWebServiceServerTestExecutionListener, org.springframework.test.context.web.ServletTestExecutionListener, org.springframework.test.context.support.DirtiesContextBeforeModesTestExecutionListener, org.springframework.test.context.event.ApplicationEventsTestExecutionListener, org.springframework.test.context.support.DependencyInjectionTestExecutionListener, org.springframework.test.context.support.DirtiesContextTestExecutionListener, org.springframework.test.context.transaction.TransactionalTestExecutionListener, org.springframework.test.context.jdbc.SqlScriptsTestExecutionListener, org.springframework.test.context.event.EventPublishingTestExecutionListener]
2025-06-19 16:40:48,302 INFO org.springframework.test.context.support.AbstractTestContextBootstrapper [main] Using TestExecutionListeners: [org.springframework.test.context.web.ServletTestExecutionListener@d120d7c, org.springframework.test.context.support.DirtiesContextBeforeModesTestExecutionListener@5ee77baf, org.springframework.test.context.event.ApplicationEventsTestExecutionListener@485deee1, org.springframework.boot.test.mock.mockito.MockitoTestExecutionListener@25cde5bb, org.springframework.boot.test.autoconfigure.SpringBootDependencyInjectionTestExecutionListener@38a96593, org.springframework.test.context.support.DirtiesContextTestExecutionListener@5df64b2a, org.springframework.test.context.transaction.TransactionalTestExecutionListener@7afb9c93, org.springframework.test.context.jdbc.SqlScriptsTestExecutionListener@30d15e4a, org.springframework.test.context.event.EventPublishingTestExecutionListener@43a7203e, org.springframework.boot.test.mock.mockito.ResetMocksTestExecutionListener@2c678c7b, org.springframework.boot.test.autoconfigure.restdocs.RestDocsTestExecutionListener@a5e8260, org.springframework.boot.test.autoconfigure.web.client.MockRestServiceServerResetTestExecutionListener@30c7be6f, org.springframework.boot.test.autoconfigure.web.servlet.MockMvcPrintOnlyOnFailureTestExecutionListener@4a9bce99, org.springframework.boot.test.autoconfigure.web.servlet.WebDriverTestExecutionListener@5a0f87e5, org.springframework.boot.test.autoconfigure.webservices.client.MockWebServiceServerTestExecutionListener@243c4346]
2025-06-19 16:40:48,360 INFO org.springframework.boot.StartupInfoLogger [main] Starting ExosServicesApplicationTests using Java 17.0.12 on DESKTOP-CV5HK7B with PID 16320 (started by Raj in C:\Users\Raj\My_own_company)
2025-06-19 16:40:48,361 INFO org.springframework.boot.SpringApplication [main] No active profile set, falling back to 1 default profile: "default"
2025-06-19 16:40:49,042 INFO org.springframework.data.repository.config.RepositoryConfigurationDelegate [main] Bootstrapping Spring Data JPA repositories in DEFAULT mode.
2025-06-19 16:40:49,114 INFO org.springframework.data.repository.config.RepositoryConfigurationDelegate [main] Finished Spring Data repository scanning in 62 ms. Found 2 JPA repository interfaces.
2025-06-19 16:40:49,560 INFO org.hibernate.jpa.internal.util.LogHelper [main] HHH000204: Processing PersistenceUnitInfo [name: default]
2025-06-19 16:40:49,635 INFO org.hibernate.Version [main] HHH000412: Hibernate ORM core version 5.6.7.Final
2025-06-19 16:40:49,681 INFO org.hibernate.annotations.common.reflection.java.JavaReflectionManager [main] HCANN000001: Hibernate Commons Annotations {5.1.2.Final}
2025-06-19 16:40:49,869 INFO com.zaxxer.hikari.HikariDataSource [main] HikariPool-1 - Starting...
2025-06-19 16:40:50,048 INFO com.zaxxer.hikari.HikariDataSource [main] HikariPool-1 - Start completed.
2025-06-19 16:40:50,067 INFO org.hibernate.dialect.Dialect [main] HHH000400: Using dialect: org.hibernate.dialect.H2Dialect
2025-06-19 16:40:50,653 INFO org.hibernate.engine.transaction.jta.platform.internal.JtaPlatformInitiator [main] HHH000490: Using JtaPlatform implementation: [org.hibernate.engine.transaction.jta.platform.internal.NoJtaPlatform]
2025-06-19 16:40:50,657 INFO org.springframework.orm.jpa.AbstractEntityManagerFactoryBean [main] Initialized JPA EntityManagerFactory for persistence unit 'default'
2025-06-19 16:40:51,726 INFO org.springframework.boot.autoconfigure.h2.H2ConsoleAutoConfiguration [main] H2 console available at '/h2-console'. Database available at 'jdbc:h2:mem:dcbapp'
2025-06-19 16:40:52,724 INFO org.springframework.boot.actuate.endpoint.web.EndpointLinksResolver [main] Exposing 1 endpoint(s) beneath base path '/actuator'
2025-06-19 16:40:52,781 INFO org.springframework.boot.StartupInfoLogger [main] Started ExosServicesApplicationTests in 4.475 seconds (JVM running for 9.816)
2025-06-19 16:40:52,857 INFO org.springframework.orm.jpa.AbstractEntityManagerFactoryBean [SpringApplicationShutdownHook] Closing JPA EntityManagerFactory for persistence unit 'default'
2025-06-19 16:40:52,858 INFO org.hibernate.tool.schema.internal.SchemaDropperImpl$DelayedDropActionImpl [SpringApplicationShutdownHook] HHH000477: Starting delayed evictData of schema as part of SessionFactory shut-down'
2025-06-19 16:40:52,864 INFO com.zaxxer.hikari.HikariDataSource [SpringApplicationShutdownHook] HikariPool-1 - Shutdown initiated...
2025-06-19 16:40:52,869 INFO com.zaxxer.hikari.HikariDataSource [SpringApplicationShutdownHook] HikariPool-1 - Shutdown completed.
